<?xml version="1.0" encoding="UTF-8"?>
<testsuite xmlns:xsi="http://www.w3.org/2001/XMLSchema-instance" xsi:noNamespaceSchemaLocation="https://maven.apache.org/surefire/maven-surefire-plugin/xsd/surefire-test-report-3.0.xsd" version="3.0" name="com.mishchuk.onlineschool.controller.AppealControllerTest" time="0.657" tests="33" errors="0" skipped="0" failures="0">
  <properties>
[...]
</properties>
  <testcase name="createPublicAppeal_withPhotos_returns201" classname="com.mishchuk.onlineschool.controller.AppealControllerTest" time="0.084">
    <system-out><![CDATA[&amp#27;[2m2026-03-30T08:12:43.496+02:00&amp#27;[0;39m &amp#27;[32m INFO&amp#27;[0;39m &amp#27;[35m65648&amp#27;[0;39m &amp#27;[2m---&amp#27;[0;39m &amp#27;[2m[online-school] [           main]&amp#27;[0;39m &amp#27;[2m&amp#27;[0;39m&amp#27;[36mt.c.s.AnnotationConfigContextLoaderUtils&amp#27;[0;39m &amp#27;[2m:&amp#27;[0;39m Could not detect default configuration classes for test class [com.mishchuk.onlineschool.controller.AppealControllerTest]: AppealControllerTest does not declare any static, non-private, non-final, nested classes annotated with @Configuration.
&amp#27;[2m2026-03-30T08:12:43.506+02:00&amp#27;[0;39m &amp#27;[32m INFO&amp#27;[0;39m &amp#27;[35m65648&amp#27;[0;39m &amp#27;[2m---&amp#27;[0;39m &amp#27;[2m[online-school] [           main]&amp#27;[0;39m &amp#27;[2m&amp#27;[0;39m&amp#27;[36m.b.t.c.SpringBootTestContextBootstrapper&amp#27;[0;39m &amp#27;[2m:&amp#27;[0;39m Found @SpringBootConfiguration com.mishchuk.onlineschool.OnlineSchoolApplication for test class com.mishchuk.onlineschool.controller.AppealControllerTest

  .   ____          _            __ _ _
 /\\ / ___'_ __ _ _(_)_ __  __ _ \ \ \ \
( ( )\___ | '_ | '_| | '_ \/ _` | \ \ \ \
 \\/  ___)| |_)| | | | | || (_| |  ) ) ) )
  '  |____| .__|_| |_|_| |_\__, | / / / /
 =========|_|==============|___/=/_/_/_/
&amp#27;[32m :: Spring Boot :: &amp#27;[39m              &amp#27;[2m (v3.2.2)&amp#27;[0;39m

&amp#27;[2m2026-03-30T08:12:43.534+02:00&amp#27;[0;39m &amp#27;[32m INFO&amp#27;[0;39m &amp#27;[35m65648&amp#27;[0;39m &amp#27;[2m---&amp#27;[0;39m &amp#27;[2m[online-school] [           main]&amp#27;[0;39m &amp#27;[2m&amp#27;[0;39m&amp#27;[36mc.m.o.controller.AppealControllerTest   &amp#27;[0;39m &amp#27;[2m:&amp#27;[0;39m Starting AppealControllerTest using Java 23.0.2 with PID 65648 (started by volodymyr.mishchuk in /Users/volodymyr.mishchuk/IdeaProjects/online-school)
&amp#27;[2m2026-03-30T08:12:43.535+02:00&amp#27;[0;39m &amp#27;[32m INFO&amp#27;[0;39m &amp#27;[35m65648&amp#27;[0;39m &amp#27;[2m---&amp#27;[0;39m &amp#27;[2m[online-school] [           main]&amp#27;[0;39m &amp#27;[2m&amp#27;[0;39m&amp#27;[36mc.m.o.controller.AppealControllerTest   &amp#27;[0;39m &amp#27;[2m:&amp#27;[0;39m No active profile set, falling back to 1 default profile: "default"
&amp#27;[2m2026-03-30T08:12:43.778+02:00&amp#27;[0;39m &amp#27;[32m INFO&amp#27;[0;39m &amp#27;[35m65648&amp#27;[0;39m &amp#27;[2m---&amp#27;[0;39m &amp#27;[2m[online-school] [           main]&amp#27;[0;39m &amp#27;[2m&amp#27;[0;39m&amp#27;[36mo.s.s.web.DefaultSecurityFilterChain    &amp#27;[0;39m &amp#27;[2m:&amp#27;[0;39m Will secure any request with [org.springframework.security.web.session.DisableEncodeUrlFilter@6888746c, org.springframework.security.web.context.request.async.WebAsyncManagerIntegrationFilter@7bfedfb7, org.springframework.security.web.context.SecurityContextHolderFilter@48a2b492, org.springframework.security.web.header.HeaderWriterFilter@f5a680, org.springframework.web.filter.CorsFilter@6d3194ff, org.springframework.security.web.authentication.logout.LogoutFilter@14f254f, org.springframework.security.web.savedrequest.RequestCacheAwareFilter@7bf997e0, org.springframework.security.web.servletapi.SecurityContextHolderAwareRequestFilter@71f86562, org.springframework.security.web.authentication.AnonymousAuthenticationFilter@393d4e34, org.springframework.security.web.access.ExceptionTranslationFilter@53fb3e1b, org.springframework.security.web.access.intercept.AuthorizationFilter@4c231f62]
&amp#27;[2m2026-03-30T08:12:43.834+02:00&amp#27;[0;39m &amp#27;[33m WARN&amp#27;[0;39m &amp#27;[35m65648&amp#27;[0;39m &amp#27;[2m---&amp#27;[0;39m &amp#27;[2m[online-school] [           main]&amp#27;[0;39m &amp#27;[2m&amp#27;[0;39m&amp#27;[36m.s.s.UserDetailsServiceAutoConfiguration&amp#27;[0;39m &amp#27;[2m:&amp#27;[0;39m 

Using generated security password: 0703262a-feea-4c6c-b15f-b339eb6524c9

This generated password is for development use only. Your security configuration must be updated before running your application in production.

&amp#27;[2m2026-03-30T08:12:43.838+02:00&amp#27;[0;39m &amp#27;[32m INFO&amp#27;[0;39m &amp#27;[35m65648&amp#27;[0;39m &amp#27;[2m---&amp#27;[0;39m &amp#27;[2m[online-school] [           main]&amp#27;[0;39m &amp#27;[2m&amp#27;[0;39m&amp#27;[36mo.s.b.t.m.w.SpringBootMockServletContext&amp#27;[0;39m &amp#27;[2m:&amp#27;[0;39m Initializing Spring TestDispatcherServlet ''
&amp#27;[2m2026-03-30T08:12:43.838+02:00&amp#27;[0;39m &amp#27;[32m INFO&amp#27;[0;39m &amp#27;[35m65648&amp#27;[0;39m &amp#27;[2m---&amp#27;[0;39m &amp#27;[2m[online-school] [           main]&amp#27;[0;39m &amp#27;[2m&amp#27;[0;39m&amp#27;[36mo.s.t.web.servlet.TestDispatcherServlet &amp#27;[0;39m &amp#27;[2m:&amp#27;[0;39m Initializing Servlet ''
&amp#27;[2m2026-03-30T08:12:43.839+02:00&amp#27;[0;39m &amp#27;[32m INFO&amp#27;[0;39m &amp#27;[35m65648&amp#27;[0;39m &amp#27;[2m---&amp#27;[0;39m &amp#27;[2m[online-school] [           main]&amp#27;[0;39m &amp#27;[2m&amp#27;[0;39m&amp#27;[36mo.s.t.web.servlet.TestDispatcherServlet &amp#27;[0;39m &amp#27;[2m:&amp#27;[0;39m Completed initialization in 1 ms
&amp#27;[2m2026-03-30T08:12:43.844+02:00&amp#27;[0;39m &amp#27;[32m INFO&amp#27;[0;39m &amp#27;[35m65648&amp#27;[0;39m &amp#27;[2m---&amp#27;[0;39m &amp#27;[2m[online-school] [           main]&amp#27;[0;39m &amp#27;[2m&amp#27;[0;39m&amp#27;[36mc.m.o.controller.AppealControllerTest   &amp#27;[0;39m &amp#27;[2m:&amp#27;[0;39m Started AppealControllerTest in 0.331 seconds (process running for 4.838)
]]></system-out>
  </testcase>
  <testcase name="getAppeals_admin_returns200WithPage" classname="com.mishchuk.onlineschool.controller.AppealControllerTest" time="0.027"/>
  <testcase name="createAppeal_anonymous_returns401" classname="com.mishchuk.onlineschool.controller.AppealControllerTest" time="0.007"/>
  <testcase name="updateAppealStatus_nonAdminRole_returns403(String)[1]" classname="com.mishchuk.onlineschool.controller.AppealControllerTest" time="0.006">
    <system-out><![CDATA[&amp#27;[2m2026-03-30T08:12:43.985+02:00&amp#27;[0;39m &amp#27;[33m WARN&amp#27;[0;39m &amp#27;[35m65648&amp#27;[0;39m &amp#27;[2m---&amp#27;[0;39m &amp#27;[2m[online-school] [           main]&amp#27;[0;39m &amp#27;[2m&amp#27;[0;39m&amp#27;[36mc.m.o.exception.GlobalExceptionHandler  &amp#27;[0;39m &amp#27;[2m:&amp#27;[0;39m Access denied: Access Denied
]]></system-out>
  </testcase>
  <testcase name="updateAppealStatus_nonAdminRole_returns403(String)[2]" classname="com.mishchuk.onlineschool.controller.AppealControllerTest" time="0.006">
    <system-out><![CDATA[&amp#27;[2m2026-03-30T08:12:43.993+02:00&amp#27;[0;39m &amp#27;[33m WARN&amp#27;[0;39m &amp#27;[35m65648&amp#27;[0;39m &amp#27;[2m---&amp#27;[0;39m &amp#27;[2m[online-school] [           main]&amp#27;[0;39m &amp#27;[2m&amp#27;[0;39m&amp#27;[36mc.m.o.exception.GlobalExceptionHandler  &amp#27;[0;39m &amp#27;[2m:&amp#27;[0;39m Access denied: Access Denied
]]></system-out>
  </testcase>
  <testcase name="updateAppealStatus_nonAdminRole_returns403(String)[3]" classname="com.mishchuk.onlineschool.controller.AppealControllerTest" time="0.006">
    <system-out><![CDATA[&amp#27;[2m2026-03-30T08:12:44.000+02:00&amp#27;[0;39m &amp#27;[33m WARN&amp#27;[0;39m &amp#27;[35m65648&amp#27;[0;39m &amp#27;[2m---&amp#27;[0;39m &amp#27;[2m[online-school] [           main]&amp#27;[0;39m &amp#27;[2m&amp#27;[0;39m&amp#27;[36mc.m.o.exception.GlobalExceptionHandler  &amp#27;[0;39m &amp#27;[2m:&amp#27;[0;39m Access denied: Access Denied
]]></system-out>
  </testcase>
  <testcase name="createPublicAppeal_blankName_returns400" classname="com.mishchuk.onlineschool.controller.AppealControllerTest" time="0.01">
    <system-out><![CDATA[&amp#27;[2m2026-03-30T08:12:44.010+02:00&amp#27;[0;39m &amp#27;[33m WARN&amp#27;[0;39m &amp#27;[35m65648&amp#27;[0;39m &amp#27;[2m---&amp#27;[0;39m &amp#27;[2m[online-school] [           main]&amp#27;[0;39m &amp#27;[2m&amp#27;[0;39m&amp#27;[36mc.m.o.exception.GlobalExceptionHandler  &amp#27;[0;39m &amp#27;[2m:&amp#27;[0;39m Validation error: Name cannot be blank
]]></system-out>
  </testcase>
  <testcase name="updateAppealStatus_anonymous_returns401" classname="com.mishchuk.onlineschool.controller.AppealControllerTest" time="0.005">
    <system-out><![CDATA[&amp#27;[2m2026-03-30T08:12:44.017+02:00&amp#27;[0;39m &amp#27;[33m WARN&amp#27;[0;39m &amp#27;[35m65648&amp#27;[0;39m &amp#27;[2m---&amp#27;[0;39m &amp#27;[2m[online-school] [           main]&amp#27;[0;39m &amp#27;[2m&amp#27;[0;39m&amp#27;[36mc.m.o.exception.GlobalExceptionHandler  &amp#27;[0;39m &amp#27;[2m:&amp#27;[0;39m Access denied: Access Denied
]]></system-out>
  </testcase>
  <testcase name="getAppeal_anonymous_returns401" classname="com.mishchuk.onlineschool.controller.AppealControllerTest" time="0.006">
    <system-out><![CDATA[&amp#27;[2m2026-03-30T08:12:44.024+02:00&amp#27;[0;39m &amp#27;[33m WARN&amp#27;[0;39m &amp#27;[35m65648&amp#27;[0;39m &amp#27;[2m---&amp#27;[0;39m &amp#27;[2m[online-school] [           main]&amp#27;[0;39m &amp#27;[2m&amp#27;[0;39m&amp#27;[36mc.m.o.exception.GlobalExceptionHandler  &amp#27;[0;39m &amp#27;[2m:&amp#27;[0;39m Access denied: Access Denied
]]></system-out>
  </testcase>
  <testcase name="deleteAppeal_anonymous_returns401" classname="com.mishchuk.onlineschool.controller.AppealControllerTest" time="0.004">
    <system-out><![CDATA[&amp#27;[2m2026-03-30T08:12:44.029+02:00&amp#27;[0;39m &amp#27;[33m WARN&amp#27;[0;39m &amp#27;[35m65648&amp#27;[0;39m &amp#27;[2m---&amp#27;[0;39m &amp#27;[2m[online-school] [           main]&amp#27;[0;39m &amp#27;[2m&amp#27;[0;39m&amp#27;[36mc.m.o.exception.GlobalExceptionHandler  &amp#27;[0;39m &amp#27;[2m:&amp#27;[0;39m Access denied: Access Denied
]]></system-out>
  </testcase>
  <testcase name="createPublicAppeal_anonymous_isPermitted" classname="com.mishchuk.onlineschool.controller.AppealControllerTest" time="0.003"/>
  <testcase name="createAppeal_authenticatedWithPhotos_returns201" classname="com.mishchuk.onlineschool.controller.AppealControllerTest" time="0.007"/>
  <testcase name="getAppeals_admin_customPagination_returns200" classname="com.mishchuk.onlineschool.controller.AppealControllerTest" time="0.007"/>
  <testcase name="getAppeal_admin_returns200" classname="com.mishchuk.onlineschool.controller.AppealControllerTest" time="0.004"/>
  <testcase name="createAppeal_blankMessage_returns400" classname="com.mishchuk.onlineschool.controller.AppealControllerTest" time="0.004">
    <system-out><![CDATA[&amp#27;[2m2026-03-30T08:12:44.058+02:00&amp#27;[0;39m &amp#27;[33m WARN&amp#27;[0;39m &amp#27;[35m65648&amp#27;[0;39m &amp#27;[2m---&amp#27;[0;39m &amp#27;[2m[online-school] [           main]&amp#27;[0;39m &amp#27;[2m&amp#27;[0;39m&amp#27;[36mc.m.o.exception.GlobalExceptionHandler  &amp#27;[0;39m &amp#27;[2m:&amp#27;[0;39m Validation error: Message cannot be blank
]]></system-out>
  </testcase>
  <testcase name="deleteAppeal_nonAdminRole_returns403(String)[1]" classname="com.mishchuk.onlineschool.controller.AppealControllerTest" time="0.004">
    <system-out><![CDATA[&amp#27;[2m2026-03-30T08:12:44.063+02:00&amp#27;[0;39m &amp#27;[33m WARN&amp#27;[0;39m &amp#27;[35m65648&amp#27;[0;39m &amp#27;[2m---&amp#27;[0;39m &amp#27;[2m[online-school] [           main]&amp#27;[0;39m &amp#27;[2m&amp#27;[0;39m&amp#27;[36mc.m.o.exception.GlobalExceptionHandler  &amp#27;[0;39m &amp#27;[2m:&amp#27;[0;39m Access denied: Access Denied
]]></system-out>
  </testcase>
  <testcase name="deleteAppeal_nonAdminRole_returns403(String)[2]" classname="com.mishchuk.onlineschool.controller.AppealControllerTest" time="0.004">
    <system-out><![CDATA[&amp#27;[2m2026-03-30T08:12:44.068+02:00&amp#27;[0;39m &amp#27;[33m WARN&amp#27;[0;39m &amp#27;[35m65648&amp#27;[0;39m &amp#27;[2m---&amp#27;[0;39m &amp#27;[2m[online-school] [           main]&amp#27;[0;39m &amp#27;[2m&amp#27;[0;39m&amp#27;[36mc.m.o.exception.GlobalExceptionHandler  &amp#27;[0;39m &amp#27;[2m:&amp#27;[0;39m Access denied: Access Denied
]]></system-out>
  </testcase>
  <testcase name="deleteAppeal_nonAdminRole_returns403(String)[3]" classname="com.mishchuk.onlineschool.controller.AppealControllerTest" time="0.003">
    <system-out><![CDATA[&amp#27;[2m2026-03-30T08:12:44.076+02:00&amp#27;[0;39m &amp#27;[33m WARN&amp#27;[0;39m &amp#27;[35m65648&amp#27;[0;39m &amp#27;[2m---&amp#27;[0;39m &amp#27;[2m[online-school] [           main]&amp#27;[0;39m &amp#27;[2m&amp#27;[0;39m&amp#27;[36mc.m.o.exception.GlobalExceptionHandler  &amp#27;[0;39m &amp#27;[2m:&amp#27;[0;39m Access denied: Access Denied
]]></system-out>
  </testcase>
  <testcase name="updateAppealStatus_adminNewStatus_returns200" classname="com.mishchuk.onlineschool.controller.AppealControllerTest" time="0.01"/>
  <testcase name="createPublicAppeal_blankMessage_returns400" classname="com.mishchuk.onlineschool.controller.AppealControllerTest" time="0.003">
    <system-out><![CDATA[&amp#27;[2m2026-03-30T08:12:44.091+02:00&amp#27;[0;39m &amp#27;[33m WARN&amp#27;[0;39m &amp#27;[35m65648&amp#27;[0;39m &amp#27;[2m---&amp#27;[0;39m &amp#27;[2m[online-school] [           main]&amp#27;[0;39m &amp#27;[2m&amp#27;[0;39m&amp#27;[36mc.m.o.exception.GlobalExceptionHandler  &amp#27;[0;39m &amp#27;[2m:&amp#27;[0;39m Validation error: Message cannot be blank
]]></system-out>
  </testcase>
  <testcase name="deleteAppeal_admin_returns204" classname="com.mishchuk.onlineschool.controller.AppealControllerTest" time="0.002"/>
  <testcase name="createAppeal_nullContactMethod_returns400" classname="com.mishchuk.onlineschool.controller.AppealControllerTest" time="0.003">
    <system-out><![CDATA[&amp#27;[2m2026-03-30T08:12:44.098+02:00&amp#27;[0;39m &amp#27;[33m WARN&amp#27;[0;39m &amp#27;[35m65648&amp#27;[0;39m &amp#27;[2m---&amp#27;[0;39m &amp#27;[2m[online-school] [           main]&amp#27;[0;39m &amp#27;[2m&amp#27;[0;39m&amp#27;[36mc.m.o.exception.GlobalExceptionHandler  &amp#27;[0;39m &amp#27;[2m:&amp#27;[0;39m Validation error: Contact method cannot be null
]]></system-out>
  </testcase>
  <testcase name="getAppeals_anonymous_returns401" classname="com.mishchuk.onlineschool.controller.AppealControllerTest" time="0.002">
    <system-out><![CDATA[&amp#27;[2m2026-03-30T08:12:44.101+02:00&amp#27;[0;39m &amp#27;[33m WARN&amp#27;[0;39m &amp#27;[35m65648&amp#27;[0;39m &amp#27;[2m---&amp#27;[0;39m &amp#27;[2m[online-school] [           main]&amp#27;[0;39m &amp#27;[2m&amp#27;[0;39m&amp#27;[36mc.m.o.exception.GlobalExceptionHandler  &amp#27;[0;39m &amp#27;[2m:&amp#27;[0;39m Access denied: Access Denied
]]></system-out>
  </testcase>
  <testcase name="createPublicAppeal_validRequest_returns201" classname="com.mishchuk.onlineschool.controller.AppealControllerTest" time="0.003"/>
  <testcase name="createAppeal_authenticatedValidRequest_returns201" classname="com.mishchuk.onlineschool.controller.AppealControllerTest" time="0.004"/>
  <testcase name="getAppeals_nonAdminRole_returns403(String)[1]" classname="com.mishchuk.onlineschool.controller.AppealControllerTest" time="0.004">
    <system-out><![CDATA[&amp#27;[2m2026-03-30T08:12:44.113+02:00&amp#27;[0;39m &amp#27;[33m WARN&amp#27;[0;39m &amp#27;[35m65648&amp#27;[0;39m &amp#27;[2m---&amp#27;[0;39m &amp#27;[2m[online-school] [           main]&amp#27;[0;39m &amp#27;[2m&amp#27;[0;39m&amp#27;[36mc.m.o.exception.GlobalExceptionHandler  &amp#27;[0;39m &amp#27;[2m:&amp#27;[0;39m Access denied: Access Denied
]]></system-out>
  </testcase>
  <testcase name="getAppeals_nonAdminRole_returns403(String)[2]" classname="com.mishchuk.onlineschool.controller.AppealControllerTest" time="0.006">
    <system-out><![CDATA[&amp#27;[2m2026-03-30T08:12:44.119+02:00&amp#27;[0;39m &amp#27;[33m WARN&amp#27;[0;39m &amp#27;[35m65648&amp#27;[0;39m &amp#27;[2m---&amp#27;[0;39m &amp#27;[2m[online-school] [           main]&amp#27;[0;39m &amp#27;[2m&amp#27;[0;39m&amp#27;[36mc.m.o.exception.GlobalExceptionHandler  &amp#27;[0;39m &amp#27;[2m:&amp#27;[0;39m Access denied: Access Denied
]]></system-out>
  </testcase>
  <testcase name="getAppeals_nonAdminRole_returns403(String)[3]" classname="com.mishchuk.onlineschool.controller.AppealControllerTest" time="0.003">
    <system-out><![CDATA[&amp#27;[2m2026-03-30T08:12:44.125+02:00&amp#27;[0;39m &amp#27;[33m WARN&amp#27;[0;39m &amp#27;[35m65648&amp#27;[0;39m &amp#27;[2m---&amp#27;[0;39m &amp#27;[2m[online-school] [           main]&amp#27;[0;39m &amp#27;[2m&amp#27;[0;39m&amp#27;[36mc.m.o.exception.GlobalExceptionHandler  &amp#27;[0;39m &amp#27;[2m:&amp#27;[0;39m Access denied: Access Denied
]]></system-out>
  </testcase>
  <testcase name="getAppeal_nonAdminRole_returns403(String)[1]" classname="com.mishchuk.onlineschool.controller.AppealControllerTest" time="0.004">
    <system-out><![CDATA[&amp#27;[2m2026-03-30T08:12:44.129+02:00&amp#27;[0;39m &amp#27;[33m WARN&amp#27;[0;39m &amp#27;[35m65648&amp#27;[0;39m &amp#27;[2m---&amp#27;[0;39m &amp#27;[2m[online-school] [           main]&amp#27;[0;39m &amp#27;[2m&amp#27;[0;39m&amp#27;[36mc.m.o.exception.GlobalExceptionHandler  &amp#27;[0;39m &amp#27;[2m:&amp#27;[0;39m Access denied: Access Denied
]]></system-out>
  </testcase>
  <testcase name="getAppeal_nonAdminRole_returns403(String)[2]" classname="com.mishchuk.onlineschool.controller.AppealControllerTest" time="0.003">
    <system-out><![CDATA[&amp#27;[2m2026-03-30T08:12:44.134+02:00&amp#27;[0;39m &amp#27;[33m WARN&amp#27;[0;39m &amp#27;[35m65648&amp#27;[0;39m &amp#27;[2m---&amp#27;[0;39m &amp#27;[2m[online-school] [           main]&amp#27;[0;39m &amp#27;[2m&amp#27;[0;39m&amp#27;[36mc.m.o.exception.GlobalExceptionHandler  &amp#27;[0;39m &amp#27;[2m:&amp#27;[0;39m Access denied: Access Denied
]]></system-out>
  </testcase>
  <testcase name="getAppeal_nonAdminRole_returns403(String)[3]" classname="com.mishchuk.onlineschool.controller.AppealControllerTest" time="0.005">
    <system-out><![CDATA[&amp#27;[2m2026-03-30T08:12:44.138+02:00&amp#27;[0;39m &amp#27;[33m WARN&amp#27;[0;39m &amp#27;[35m65648&amp#27;[0;39m &amp#27;[2m---&amp#27;[0;39m &amp#27;[2m[online-school] [           main]&amp#27;[0;39m &amp#27;[2m&amp#27;[0;39m&amp#27;[36mc.m.o.exception.GlobalExceptionHandler  &amp#27;[0;39m &amp#27;[2m:&amp#27;[0;39m Access denied: Access Denied
]]></system-out>
  </testcase>
  <testcase name="createAppeal_anyAuthenticatedRole_returns201(String)[1]" classname="com.mishchuk.onlineschool.controller.AppealControllerTest" time="0.005"/>
  <testcase name="createAppeal_anyAuthenticatedRole_returns201(String)[2]" classname="com.mishchuk.onlineschool.controller.AppealControllerTest" time="0.002"/>
</testsuite>