<?xml version="1.0" encoding="UTF-8"?>
<testsuite xmlns:xsi="http://www.w3.org/2001/XMLSchema-instance" xsi:noNamespaceSchemaLocation="https://maven.apache.org/surefire/maven-surefire-plugin/xsd/surefire-test-report-3.0.xsd" version="3.0" name="com.mishchuk.onlineschool.controller.PromoCodeControllerTest" time="0.192" tests="18" errors="0" skipped="0" failures="0">
  <properties>
[...]
</properties>
  <testcase name="getPaginatedPromoCodes_unauthorized_returns403(String)[1]" classname="com.mishchuk.onlineschool.controller.PromoCodeControllerTest" time="0.004">
    <system-out><![CDATA[&amp#27;[2m2026-03-30T08:12:47.185+02:00&amp#27;[0;39m &amp#27;[32m INFO&amp#27;[0;39m &amp#27;[35m65648&amp#27;[0;39m &amp#27;[2m---&amp#27;[0;39m &amp#27;[2m[online-school] [           main]&amp#27;[0;39m &amp#27;[2m&amp#27;[0;39m&amp#27;[36mt.c.s.AnnotationConfigContextLoaderUtils&amp#27;[0;39m &amp#27;[2m:&amp#27;[0;39m Could not detect default configuration classes for test class [com.mishchuk.onlineschool.controller.PromoCodeControllerTest]: PromoCodeControllerTest does not declare any static, non-private, non-final, nested classes annotated with @Configuration.
&amp#27;[2m2026-03-30T08:12:47.187+02:00&amp#27;[0;39m &amp#27;[32m INFO&amp#27;[0;39m &amp#27;[35m65648&amp#27;[0;39m &amp#27;[2m---&amp#27;[0;39m &amp#27;[2m[online-school] [           main]&amp#27;[0;39m &amp#27;[2m&amp#27;[0;39m&amp#27;[36m.b.t.c.SpringBootTestContextBootstrapper&amp#27;[0;39m &amp#27;[2m:&amp#27;[0;39m Found @SpringBootConfiguration com.mishchuk.onlineschool.OnlineSchoolApplication for test class com.mishchuk.onlineschool.controller.PromoCodeControllerTest

  .   ____          _            __ _ _
 /\\ / ___'_ __ _ _(_)_ __  __ _ \ \ \ \
( ( )\___ | '_ | '_| | '_ \/ _` | \ \ \ \
 \\/  ___)| |_)| | | | | || (_| |  ) ) ) )
  '  |____| .__|_| |_|_| |_\__, | / / / /
 =========|_|==============|___/=/_/_/_/
&amp#27;[32m :: Spring Boot :: &amp#27;[39m              &amp#27;[2m (v3.2.2)&amp#27;[0;39m

&amp#27;[2m2026-03-30T08:12:47.198+02:00&amp#27;[0;39m &amp#27;[32m INFO&amp#27;[0;39m &amp#27;[35m65648&amp#27;[0;39m &amp#27;[2m---&amp#27;[0;39m &amp#27;[2m[online-school] [           main]&amp#27;[0;39m &amp#27;[2m&amp#27;[0;39m&amp#27;[36mc.m.o.c.PromoCodeControllerTest         &amp#27;[0;39m &amp#27;[2m:&amp#27;[0;39m Starting PromoCodeControllerTest using Java 23.0.2 with PID 65648 (started by volodymyr.mishchuk in /Users/volodymyr.mishchuk/IdeaProjects/online-school)
&amp#27;[2m2026-03-30T08:12:47.198+02:00&amp#27;[0;39m &amp#27;[32m INFO&amp#27;[0;39m &amp#27;[35m65648&amp#27;[0;39m &amp#27;[2m---&amp#27;[0;39m &amp#27;[2m[online-school] [           main]&amp#27;[0;39m &amp#27;[2m&amp#27;[0;39m&amp#27;[36mc.m.o.c.PromoCodeControllerTest         &amp#27;[0;39m &amp#27;[2m:&amp#27;[0;39m No active profile set, falling back to 1 default profile: "default"
&amp#27;[2m2026-03-30T08:12:47.308+02:00&amp#27;[0;39m &amp#27;[32m INFO&amp#27;[0;39m &amp#27;[35m65648&amp#27;[0;39m &amp#27;[2m---&amp#27;[0;39m &amp#27;[2m[online-school] [           main]&amp#27;[0;39m &amp#27;[2m&amp#27;[0;39m&amp#27;[36mo.s.s.web.DefaultSecurityFilterChain    &amp#27;[0;39m &amp#27;[2m:&amp#27;[0;39m Will secure any request with [org.springframework.security.web.session.DisableEncodeUrlFilter@277cf420, org.springframework.security.web.context.request.async.WebAsyncManagerIntegrationFilter@769580de, org.springframework.security.web.context.SecurityContextHolderFilter@7889b4cb, org.springframework.security.web.header.HeaderWriterFilter@2b3d662e, org.springframework.web.filter.CorsFilter@156b69bc, org.springframework.security.web.authentication.logout.LogoutFilter@2c663246, org.springframework.security.web.savedrequest.RequestCacheAwareFilter@2b04b7dd, org.springframework.security.web.servletapi.SecurityContextHolderAwareRequestFilter@5930e350, org.springframework.security.web.authentication.AnonymousAuthenticationFilter@1d30a3d4, org.springframework.security.web.access.ExceptionTranslationFilter@3c79c7fa, org.springframework.security.web.access.intercept.AuthorizationFilter@630d7bce]
&amp#27;[2m2026-03-30T08:12:47.325+02:00&amp#27;[0;39m &amp#27;[33m WARN&amp#27;[0;39m &amp#27;[35m65648&amp#27;[0;39m &amp#27;[2m---&amp#27;[0;39m &amp#27;[2m[online-school] [           main]&amp#27;[0;39m &amp#27;[2m&amp#27;[0;39m&amp#27;[36m.s.s.UserDetailsServiceAutoConfiguration&amp#27;[0;39m &amp#27;[2m:&amp#27;[0;39m 

Using generated security password: 75d7fa49-6e7e-4415-ae6f-2fbc30b9aa45

This generated password is for development use only. Your security configuration must be updated before running your application in production.

&amp#27;[2m2026-03-30T08:12:47.327+02:00&amp#27;[0;39m &amp#27;[32m INFO&amp#27;[0;39m &amp#27;[35m65648&amp#27;[0;39m &amp#27;[2m---&amp#27;[0;39m &amp#27;[2m[online-school] [           main]&amp#27;[0;39m &amp#27;[2m&amp#27;[0;39m&amp#27;[36mo.s.b.t.m.w.SpringBootMockServletContext&amp#27;[0;39m &amp#27;[2m:&amp#27;[0;39m Initializing Spring TestDispatcherServlet ''
&amp#27;[2m2026-03-30T08:12:47.327+02:00&amp#27;[0;39m &amp#27;[32m INFO&amp#27;[0;39m &amp#27;[35m65648&amp#27;[0;39m &amp#27;[2m---&amp#27;[0;39m &amp#27;[2m[online-school] [           main]&amp#27;[0;39m &amp#27;[2m&amp#27;[0;39m&amp#27;[36mo.s.t.web.servlet.TestDispatcherServlet &amp#27;[0;39m &amp#27;[2m:&amp#27;[0;39m Initializing Servlet ''
&amp#27;[2m2026-03-30T08:12:47.327+02:00&amp#27;[0;39m &amp#27;[32m INFO&amp#27;[0;39m &amp#27;[35m65648&amp#27;[0;39m &amp#27;[2m---&amp#27;[0;39m &amp#27;[2m[online-school] [           main]&amp#27;[0;39m &amp#27;[2m&amp#27;[0;39m&amp#27;[36mo.s.t.web.servlet.TestDispatcherServlet &amp#27;[0;39m &amp#27;[2m:&amp#27;[0;39m Completed initialization in 0 ms
&amp#27;[2m2026-03-30T08:12:47.329+02:00&amp#27;[0;39m &amp#27;[32m INFO&amp#27;[0;39m &amp#27;[35m65648&amp#27;[0;39m &amp#27;[2m---&amp#27;[0;39m &amp#27;[2m[online-school] [           main]&amp#27;[0;39m &amp#27;[2m&amp#27;[0;39m&amp#27;[36mc.m.o.c.PromoCodeControllerTest         &amp#27;[0;39m &amp#27;[2m:&amp#27;[0;39m Started PromoCodeControllerTest in 0.139 seconds (process running for 8.323)
&amp#27;[2m2026-03-30T08:12:47.333+02:00&amp#27;[0;39m &amp#27;[33m WARN&amp#27;[0;39m &amp#27;[35m65648&amp#27;[0;39m &amp#27;[2m---&amp#27;[0;39m &amp#27;[2m[online-school] [           main]&amp#27;[0;39m &amp#27;[2m&amp#27;[0;39m&amp#27;[36mc.m.o.exception.GlobalExceptionHandler  &amp#27;[0;39m &amp#27;[2m:&amp#27;[0;39m Access denied: Access Denied
]]></system-out>
  </testcase>
  <testcase name="getPaginatedPromoCodes_unauthorized_returns403(String)[2]" classname="com.mishchuk.onlineschool.controller.PromoCodeControllerTest" time="0.002">
    <system-out><![CDATA[&amp#27;[2m2026-03-30T08:12:47.335+02:00&amp#27;[0;39m &amp#27;[33m WARN&amp#27;[0;39m &amp#27;[35m65648&amp#27;[0;39m &amp#27;[2m---&amp#27;[0;39m &amp#27;[2m[online-school] [           main]&amp#27;[0;39m &amp#27;[2m&amp#27;[0;39m&amp#27;[36mc.m.o.exception.GlobalExceptionHandler  &amp#27;[0;39m &amp#27;[2m:&amp#27;[0;39m Access denied: Access Denied
]]></system-out>
  </testcase>
  <testcase name="checkPromoCode_returns200" classname="com.mishchuk.onlineschool.controller.PromoCodeControllerTest" time="0.004"/>
  <testcase name="deletePromoCode_authorized_returns204(String)[1]" classname="com.mishchuk.onlineschool.controller.PromoCodeControllerTest" time="0.002"/>
  <testcase name="deletePromoCode_authorized_returns204(String)[2]" classname="com.mishchuk.onlineschool.controller.PromoCodeControllerTest" time="0.002"/>
  <testcase name="createPromoCode_authorized_returns201(String)[1]" classname="com.mishchuk.onlineschool.controller.PromoCodeControllerTest" time="0.008"/>
  <testcase name="createPromoCode_authorized_returns201(String)[2]" classname="com.mishchuk.onlineschool.controller.PromoCodeControllerTest" time="0.002"/>
  <testcase name="updatePromoCode_authorized_returns200(String)[1]" classname="com.mishchuk.onlineschool.controller.PromoCodeControllerTest" time="0.002"/>
  <testcase name="updatePromoCode_authorized_returns200(String)[2]" classname="com.mishchuk.onlineschool.controller.PromoCodeControllerTest" time="0.002"/>
  <testcase name="usePromoCode_returns200" classname="com.mishchuk.onlineschool.controller.PromoCodeControllerTest" time="0.001"/>
  <testcase name="getPaginatedPromoCodes_authorized_returns200(String)[1]" classname="com.mishchuk.onlineschool.controller.PromoCodeControllerTest" time="0.002"/>
  <testcase name="getPaginatedPromoCodes_authorized_returns200(String)[2]" classname="com.mishchuk.onlineschool.controller.PromoCodeControllerTest" time="0.002"/>
  <testcase name="createPromoCode_unauthorized_returns403(String)[1]" classname="com.mishchuk.onlineschool.controller.PromoCodeControllerTest" time="0.001">
    <system-out><![CDATA[&amp#27;[2m2026-03-30T08:12:47.367+02:00&amp#27;[0;39m &amp#27;[33m WARN&amp#27;[0;39m &amp#27;[35m65648&amp#27;[0;39m &amp#27;[2m---&amp#27;[0;39m &amp#27;[2m[online-school] [           main]&amp#27;[0;39m &amp#27;[2m&amp#27;[0;39m&amp#27;[36mc.m.o.exception.GlobalExceptionHandler  &amp#27;[0;39m &amp#27;[2m:&amp#27;[0;39m Access denied: Access Denied
]]></system-out>
  </testcase>
  <testcase name="createPromoCode_unauthorized_returns403(String)[2]" classname="com.mishchuk.onlineschool.controller.PromoCodeControllerTest" time="0.002">
    <system-out><![CDATA[&amp#27;[2m2026-03-30T08:12:47.368+02:00&amp#27;[0;39m &amp#27;[33m WARN&amp#27;[0;39m &amp#27;[35m65648&amp#27;[0;39m &amp#27;[2m---&amp#27;[0;39m &amp#27;[2m[online-school] [           main]&amp#27;[0;39m &amp#27;[2m&amp#27;[0;39m&amp#27;[36mc.m.o.exception.GlobalExceptionHandler  &amp#27;[0;39m &amp#27;[2m:&amp#27;[0;39m Access denied: Access Denied
]]></system-out>
  </testcase>
  <testcase name="deletePromoCode_unauthorized_returns403(String)[1]" classname="com.mishchuk.onlineschool.controller.PromoCodeControllerTest" time="0.002">
    <system-out><![CDATA[&amp#27;[2m2026-03-30T08:12:47.370+02:00&amp#27;[0;39m &amp#27;[33m WARN&amp#27;[0;39m &amp#27;[35m65648&amp#27;[0;39m &amp#27;[2m---&amp#27;[0;39m &amp#27;[2m[online-school] [           main]&amp#27;[0;39m &amp#27;[2m&amp#27;[0;39m&amp#27;[36mc.m.o.exception.GlobalExceptionHandler  &amp#27;[0;39m &amp#27;[2m:&amp#27;[0;39m Access denied: Access Denied
]]></system-out>
  </testcase>
  <testcase name="deletePromoCode_unauthorized_returns403(String)[2]" classname="com.mishchuk.onlineschool.controller.PromoCodeControllerTest" time="0.002">
    <system-out><![CDATA[&amp#27;[2m2026-03-30T08:12:47.372+02:00&amp#27;[0;39m &amp#27;[33m WARN&amp#27;[0;39m &amp#27;[35m65648&amp#27;[0;39m &amp#27;[2m---&amp#27;[0;39m &amp#27;[2m[online-school] [           main]&amp#27;[0;39m &amp#27;[2m&amp#27;[0;39m&amp#27;[36mc.m.o.exception.GlobalExceptionHandler  &amp#27;[0;39m &amp#27;[2m:&amp#27;[0;39m Access denied: Access Denied
]]></system-out>
  </testcase>
  <testcase name="updatePromoCode_unauthorized_returns403(String)[1]" classname="com.mishchuk.onlineschool.controller.PromoCodeControllerTest" time="0.002">
    <system-out><![CDATA[&amp#27;[2m2026-03-30T08:12:47.375+02:00&amp#27;[0;39m &amp#27;[33m WARN&amp#27;[0;39m &amp#27;[35m65648&amp#27;[0;39m &amp#27;[2m---&amp#27;[0;39m &amp#27;[2m[online-school] [           main]&amp#27;[0;39m &amp#27;[2m&amp#27;[0;39m&amp#27;[36mc.m.o.exception.GlobalExceptionHandler  &amp#27;[0;39m &amp#27;[2m:&amp#27;[0;39m Access denied: Access Denied
]]></system-out>
  </testcase>
  <testcase name="updatePromoCode_unauthorized_returns403(String)[2]" classname="com.mishchuk.onlineschool.controller.PromoCodeControllerTest" time="0.002">
    <system-out><![CDATA[&amp#27;[2m2026-03-30T08:12:47.376+02:00&amp#27;[0;39m &amp#27;[33m WARN&amp#27;[0;39m &amp#27;[35m65648&amp#27;[0;39m &amp#27;[2m---&amp#27;[0;39m &amp#27;[2m[online-school] [           main]&amp#27;[0;39m &amp#27;[2m&amp#27;[0;39m&amp#27;[36mc.m.o.exception.GlobalExceptionHandler  &amp#27;[0;39m &amp#27;[2m:&amp#27;[0;39m Access denied: Access Denied
]]></system-out>
  </testcase>
</testsuite>